<?xml version="1.0" encoding="UTF-8"?>
<!-- Generated by org.testng.reporters.JUnitXMLReporter -->
<testsuite hostname="DESKTOP-C9OMQNM" ignored="0" name="Default test" tests="5" failures="0" timestamp="07 Jul 2018 14:54:11 GMT" time="14.471" errors="0">
  <testcase name="sortTest" time="0.748" classname="OlympicsMedals.self"/>
  <testcase name="theMost" time="2.58" classname="OlympicsMedals.self"/>
  <testcase name="silverEqual18" time="1.012" classname="OlympicsMedals.self"/>
  <testcase name="rowColumn" time="0.859" classname="OlympicsMedals.self"/>
  <testcase name="bronzeEqual18" time="0.927" classname="OlympicsMedals.self"/>
</testsuite> <!-- Default test -->
